[2020-06-28 05:27:12] local.ERROR: You requested 3 items, but there are only 2 items available. {"exception":"[object] (InvalidArgumentException(code: 0): You requested 3 items, but there are only 2 items available. at C:\\Users\\ASUS\\Documents\\GitHub\\Anti-Mager_Project\\cultour_project\\vendor\\laravel\\framework\\src\\Illuminate\\Support\\Arr.php:508)
[stacktrace]
#0 C:\\Users\\ASUS\\Documents\\GitHub\\Anti-Mager_Project\\cultour_project\\vendor\\laravel\\framework\\src\\Illuminate\\Support\\Collection.php(878): Illuminate\\Support\\Arr::random(Array, 3)
#1 C:\\Users\\ASUS\\Documents\\GitHub\\Anti-Mager_Project\\cultour_project\\app\\Http\\Controllers\\PageController.php(22): Illuminate\\Support\\Collection->random(3)
#2 [internal function]: App\\Http\\Controllers\\PageController->showBeranda()
#3 C:\\Users\\ASUS\\Documents\\GitHub\\Anti-Mager_Project\\cultour_project\\vendor\\laravel\\framework\\src\\Illuminate\\Routing\\Controller.php(54): call_user_func_array(Array, Array)
#4 C:\\Users\\ASUS\\Documents\\GitHub\\Anti-Mager_Project\\cultour_project\\vendor\\laravel\\framework\\src\\Illuminate\\Routing\\ControllerDispatcher.php(45): Illuminate\\Routing\\Controller->callAction('showBeranda', Array)
#5 C:\\Users\\ASUS\\Documents\\GitHub\\Anti-Mager_Project\\cultour_project\\vendor\\laravel\\framework\\src\\Illuminate\\Routing\\Route.php(219): Illuminate\\Routing\\ControllerDispatcher->dispatch(Object(Illuminate\\Routing\\Route), Object(App\\Http\\Controllers\\PageController), 'showBeranda')
#6 C:\\Users\\ASUS\\Documents\\GitHub\\Anti-Mager_Project\\cultour_project\\vendor\\laravel\\framework\\src\\Illuminate\\Routing\\Route.php(176): Illuminate\\Routing\\Route->runController()
#7 C:\\Users\\ASUS\\Documents\\GitHub\\Anti-Mager_Project\\cultour_project\\vendor\\laravel\\framework\\src\\Illuminate\\Routing\\Router.php(681): Illuminate\\Routing\\Route->run()
#8 C:\\Users\\ASUS\\Documents\\GitHub\\Anti-Mager_Project\\cultour_project\\vendor\\laravel\\framework\\src\\Illuminate\\Pipeline\\Pipeline.php(130): Illuminate\\Routing\\Router->Illuminate\\Routing\\{closure}(Object(Illuminate\\Http\\Request))
#9 C:\\Users\\ASUS\\Documents\\GitHub\\Anti-Mager_Project\\cultour_project\\vendor\\laravel\\framework\\src\\Illuminate\\Routing\\Middleware\\SubstituteBindings.php(41): Illuminate\\Pipeline\\Pipeline->Illuminate\\Pipeline\\{closure}(Object(Illuminate\\Http\\Request))
#10 C:\\Users\\ASUS\\Documents\\GitHub\\Anti-Mager_Project\\cultour_project\\vendor\\laravel\\framework\\src\\Illuminate\\Pipeline\\Pipeline.php(171): Illuminate\\Routing\\Middleware\\SubstituteBindings->handle(Object(Illuminate\\Http\\Request), Object(Closure))
#11 C:\\Users\\ASUS\\Documents\\GitHub\\Anti-Mager_Project\\cultour_project\\vendor\\laravel\\framework\\src\\Illuminate\\Foundation\\Http\\Middleware\\VerifyCsrfToken.php(76): Illuminate\\Pipeline\\Pipeline->Illuminate\\Pipeline\\{closure}(Object(Illuminate\\Http\\Request))
#12 C:\\Users\\ASUS\\Documents\\GitHub\\Anti-Mager_Project\\cultour_project\\vendor\\laravel\\framework\\src\\Illuminate\\Pipeline\\Pipeline.php(171): Illuminate\\Foundation\\Http\\Middleware\\VerifyCsrfToken->handle(Object(Illuminate\\Http\\Request), Object(Closure))
#13 C:\\Users\\ASUS\\Documents\\GitHub\\Anti-Mager_Project\\cultour_project\\vendor\\laravel\\framework\\src\\Illuminate\\View\\Middleware\\ShareErrorsFromSession.php(49): Illuminate\\Pipeline\\Pipeline->Illuminate\\Pipeline\\{closure}(Object(Illuminate\\Http\\Request))
#14 C:\\Users\\ASUS\\Documents\\GitHub\\Anti-Mager_Project\\cultour_project\\vendor\\laravel\\framework\\src\\Illuminate\\Pipeline\\Pipeline.php(171): Illuminate\\View\\Middleware\\ShareErrorsFromSession->handle(Object(Illuminate\\Http\\Request), Object(Closure))
#15 C:\\Users\\ASUS\\Documents\\GitHub\\Anti-Mager_Project\\cultour_project\\vendor\\laravel\\framework\\src\\Illuminate\\Session\\Middleware\\StartSession.php(56): Illuminate\\Pipeline\\Pipeline->Illuminate\\Pipeline\\{closure}(Object(Illuminate\\Http\\Request))
#16 C:\\Users\\ASUS\\Documents\\GitHub\\Anti-Mager_Project\\cultour_project\\vendor\\laravel\\framework\\src\\Illuminate\\Pipeline\\Pipeline.php(171): Illuminate\\Session\\Middleware\\StartSession->handle(Object(Illuminate\\Http\\Request), Object(Closure))
#17 C:\\Users\\ASUS\\Documents\\GitHub\\Anti-Mager_Project\\cultour_project\\vendor\\laravel\\framework\\src\\Illuminate\\Cookie\\Middleware\\AddQueuedCookiesToResponse.php(37): Illuminate\\Pipeline\\Pipeline->Illuminate\\Pipeline\\{closure}(Object(Illuminate\\Http\\Request))
#18 C:\\Users\\ASUS\\Documents\\GitHub\\Anti-Mager_Project\\cultour_project\\vendor\\laravel\\framework\\src\\Illuminate\\Pipeline\\Pipeline.php(171): Illuminate\\Cookie\\Middleware\\AddQueuedCookiesToResponse->handle(Object(Illuminate\\Http\\Request), Object(Closure))
#19 C:\\Users\\ASUS\\Documents\\GitHub\\Anti-Mager_Project\\cultour_project\\vendor\\laravel\\framework\\src\\Illuminate\\Cookie\\Middleware\\EncryptCookies.php(66): Illuminate\\Pipeline\\Pipeline->Illuminate\\Pipeline\\{closure}(Object(Illuminate\\Http\\Request))
#20 C:\\Users\\ASUS\\Documents\\GitHub\\Anti-Mager_Project\\cultour_project\\vendor\\laravel\\framework\\src\\Illuminate\\Pipeline\\Pipeline.php(171): Illuminate\\Cookie\\Middleware\\EncryptCookies->handle(Object(Illuminate\\Http\\Request), Object(Closure))
#21 C:\\Users\\ASUS\\Documents\\GitHub\\Anti-Mager_Project\\cultour_project\\vendor\\laravel\\framework\\src\\Illuminate\\Pipeline\\Pipeline.php(105): Illuminate\\Pipeline\\Pipeline->Illuminate\\Pipeline\\{closure}(Object(Illuminate\\Http\\Request))
#22 C:\\Users\\ASUS\\Documents\\GitHub\\Anti-Mager_Project\\cultour_project\\vendor\\laravel\\framework\\src\\Illuminate\\Routing\\Router.php(683): Illuminate\\Pipeline\\Pipeline->then(Object(Closure))
#23 C:\\Users\\ASUS\\Documents\\GitHub\\Anti-Mager_Project\\cultour_project\\vendor\\laravel\\framework\\src\\Illuminate\\Routing\\Router.php(658): Illuminate\\Routing\\Router->runRouteWithinStack(Object(Illuminate\\Routing\\Route), Object(Illuminate\\Http\\Request))
#24 C:\\Users\\ASUS\\Documents\\GitHub\\Anti-Mager_Project\\cultour_project\\vendor\\laravel\\framework\\src\\Illuminate\\Routing\\Router.php(624): Illuminate\\Routing\\Router->runRoute(Object(Illuminate\\Http\\Request), Object(Illuminate\\Routing\\Route))
#25 C:\\Users\\ASUS\\Documents\\GitHub\\Anti-Mager_Project\\cultour_project\\vendor\\laravel\\framework\\src\\Illuminate\\Routing\\Router.php(613): Illuminate\\Routing\\Router->dispatchToRoute(Object(Illuminate\\Http\\Request))
#26 C:\\Users\\ASUS\\Documents\\GitHub\\Anti-Mager_Project\\cultour_project\\vendor\\laravel\\framework\\src\\Illuminate\\Foundation\\Http\\Kernel.php(170): Illuminate\\Routing\\Router->dispatch(Object(Illuminate\\Http\\Request))
#27 C:\\Users\\ASUS\\Documents\\GitHub\\Anti-Mager_Project\\cultour_project\\vendor\\laravel\\framework\\src\\Illuminate\\Pipeline\\Pipeline.php(130): Illuminate\\Foundation\\Http\\Kernel->Illuminate\\Foundation\\Http\\{closure}(Object(Illuminate\\Http\\Request))
#28 C:\\Users\\ASUS\\Documents\\GitHub\\Anti-Mager_Project\\cultour_project\\vendor\\laravel\\framework\\src\\Illuminate\\Foundation\\Http\\Middleware\\TransformsRequest.php(21): Illuminate\\Pipeline\\Pipeline->Illuminate\\Pipeline\\{closure}(Object(Illuminate\\Http\\Request))
#29 C:\\Users\\ASUS\\Documents\\GitHub\\Anti-Mager_Project\\cultour_project\\vendor\\laravel\\framework\\src\\Illuminate\\Pipeline\\Pipeline.php(171): Illuminate\\Foundation\\Http\\Middleware\\TransformsRequest->handle(Object(Illuminate\\Http\\Request), Object(Closure))
#30 C:\\Users\\ASUS\\Documents\\GitHub\\Anti-Mager_Project\\cultour_project\\vendor\\laravel\\framework\\src\\Illuminate\\Foundation\\Http\\Middleware\\TransformsRequest.php(21): Illuminate\\Pipeline\\Pipeline->Illuminate\\Pipeline\\{closure}(Object(Illuminate\\Http\\Request))
#31 C:\\Users\\ASUS\\Documents\\GitHub\\Anti-Mager_Project\\cultour_project\\vendor\\laravel\\framework\\src\\Illuminate\\Pipeline\\Pipeline.php(171): Illuminate\\Foundation\\Http\\Middleware\\TransformsRequest->handle(Object(Illuminate\\Http\\Request), Object(Closure))
#32 C:\\Users\\ASUS\\Documents\\GitHub\\Anti-Mager_Project\\cultour_project\\vendor\\laravel\\framework\\src\\Illuminate\\Foundation\\Http\\Middleware\\ValidatePostSize.php(27): Illuminate\\Pipeline\\Pipeline->Illuminate\\Pipeline\\{closure}(Object(Illuminate\\Http\\Request))
#33 C:\\Users\\ASUS\\Documents\\GitHub\\Anti-Mager_Project\\cultour_project\\vendor\\laravel\\framework\\src\\Illuminate\\Pipeline\\Pipeline.php(171): Illuminate\\Foundation\\Http\\Middleware\\ValidatePostSize->handle(Object(Illuminate\\Http\\Request), Object(Closure))
#34 C:\\Users\\ASUS\\Documents\\GitHub\\Anti-Mager_Project\\cultour_project\\vendor\\laravel\\framework\\src\\Illuminate\\Foundation\\Http\\Middleware\\CheckForMaintenanceMode.php(63): Illuminate\\Pipeline\\Pipeline->Illuminate\\Pipeline\\{closure}(Object(Illuminate\\Http\\Request))
#35 C:\\Users\\ASUS\\Documents\\GitHub\\Anti-Mager_Project\\cultour_project\\vendor\\laravel\\framework\\src\\Illuminate\\Pipeline\\Pipeline.php(171): Illuminate\\Foundation\\Http\\Middleware\\CheckForMaintenanceMode->handle(Object(Illuminate\\Http\\Request), Object(Closure))
#36 C:\\Users\\ASUS\\Documents\\GitHub\\Anti-Mager_Project\\cultour_project\\vendor\\fideloper\\proxy\\src\\TrustProxies.php(57): Illuminate\\Pipeline\\Pipeline->Illuminate\\Pipeline\\{closure}(Object(Illuminate\\Http\\Request))
#37 C:\\Users\\ASUS\\Documents\\GitHub\\Anti-Mager_Project\\cultour_project\\vendor\\laravel\\framework\\src\\Illuminate\\Pipeline\\Pipeline.php(171): Fideloper\\Proxy\\TrustProxies->handle(Object(Illuminate\\Http\\Request), Object(Closure))
#38 C:\\Users\\ASUS\\Documents\\GitHub\\Anti-Mager_Project\\cultour_project\\vendor\\laravel\\framework\\src\\Illuminate\\Pipeline\\Pipeline.php(105): Illuminate\\Pipeline\\Pipeline->Illuminate\\Pipeline\\{closure}(Object(Illuminate\\Http\\Request))
#39 C:\\Users\\ASUS\\Documents\\GitHub\\Anti-Mager_Project\\cultour_project\\vendor\\laravel\\framework\\src\\Illuminate\\Foundation\\Http\\Kernel.php(145): Illuminate\\Pipeline\\Pipeline->then(Object(Closure))
#40 C:\\Users\\ASUS\\Documents\\GitHub\\Anti-Mager_Project\\cultour_project\\vendor\\laravel\\framework\\src\\Illuminate\\Foundation\\Http\\Kernel.php(110): Illuminate\\Foundation\\Http\\Kernel->sendRequestThroughRouter(Object(Illuminate\\Http\\Request))
#41 C:\\Users\\ASUS\\Documents\\GitHub\\Anti-Mager_Project\\cultour_project\\public\\index.php(55): Illuminate\\Foundation\\Http\\Kernel->handle(Object(Illuminate\\Http\\Request))
#42 C:\\Users\\ASUS\\Documents\\GitHub\\Anti-Mager_Project\\cultour_project\\server.php(21): require_once('C:\\\\Users\\\\ASUS\\\\D...')
#43 {main}
"} 
[2020-06-28 05:27:15] local.ERROR: You requested 3 items, but there are only 2 items available. {"exception":"[object] (InvalidArgumentException(code: 0): You requested 3 items, but there are only 2 items available. at C:\\Users\\ASUS\\Documents\\GitHub\\Anti-Mager_Project\\cultour_project\\vendor\\laravel\\framework\\src\\Illuminate\\Support\\Arr.php:508)
[stacktrace]
#0 C:\\Users\\ASUS\\Documents\\GitHub\\Anti-Mager_Project\\cultour_project\\vendor\\laravel\\framework\\src\\Illuminate\\Support\\Collection.php(878): Illuminate\\Support\\Arr::random(Array, 3)
#1 C:\\Users\\ASUS\\Documents\\GitHub\\Anti-Mager_Project\\cultour_project\\app\\Http\\Controllers\\PageController.php(22): Illuminate\\Support\\Collection->random(3)
#2 [internal function]: App\\Http\\Controllers\\PageController->showBeranda()
#3 C:\\Users\\ASUS\\Documents\\GitHub\\Anti-Mager_Project\\cultour_project\\vendor\\laravel\\framework\\src\\Illuminate\\Routing\\Controller.php(54): call_user_func_array(Array, Array)
#4 C:\\Users\\ASUS\\Documents\\GitHub\\Anti-Mager_Project\\cultour_project\\vendor\\laravel\\framework\\src\\Illuminate\\Routing\\ControllerDispatcher.php(45): Illuminate\\Routing\\Controller->callAction('showBeranda', Array)
#5 C:\\Users\\ASUS\\Documents\\GitHub\\Anti-Mager_Project\\cultour_project\\vendor\\laravel\\framework\\src\\Illuminate\\Routing\\Route.php(219): Illuminate\\Routing\\ControllerDispatcher->dispatch(Object(Illuminate\\Routing\\Route), Object(App\\Http\\Controllers\\PageController), 'showBeranda')
#6 C:\\Users\\ASUS\\Documents\\GitHub\\Anti-Mager_Project\\cultour_project\\vendor\\laravel\\framework\\src\\Illuminate\\Routing\\Route.php(176): Illuminate\\Routing\\Route->runController()
#7 C:\\Users\\ASUS\\Documents\\GitHub\\Anti-Mager_Project\\cultour_project\\vendor\\laravel\\framework\\src\\Illuminate\\Routing\\Router.php(681): Illuminate\\Routing\\Route->run()
#8 C:\\Users\\ASUS\\Documents\\GitHub\\Anti-Mager_Project\\cultour_project\\vendor\\laravel\\framework\\src\\Illuminate\\Pipeline\\Pipeline.php(130): Illuminate\\Routing\\Router->Illuminate\\Routing\\{closure}(Object(Illuminate\\Http\\Request))
#9 C:\\Users\\ASUS\\Documents\\GitHub\\Anti-Mager_Project\\cultour_project\\vendor\\laravel\\framework\\src\\Illuminate\\Routing\\Middleware\\SubstituteBindings.php(41): Illuminate\\Pipeline\\Pipeline->Illuminate\\Pipeline\\{closure}(Object(Illuminate\\Http\\Request))
#10 C:\\Users\\ASUS\\Documents\\GitHub\\Anti-Mager_Project\\cultour_project\\vendor\\laravel\\framework\\src\\Illuminate\\Pipeline\\Pipeline.php(171): Illuminate\\Routing\\Middleware\\SubstituteBindings->handle(Object(Illuminate\\Http\\Request), Object(Closure))
#11 C:\\Users\\ASUS\\Documents\\GitHub\\Anti-Mager_Project\\cultour_project\\vendor\\laravel\\framework\\src\\Illuminate\\Foundation\\Http\\Middleware\\VerifyCsrfToken.php(76): Illuminate\\Pipeline\\Pipeline->Illuminate\\Pipeline\\{closure}(Object(Illuminate\\Http\\Request))
#12 C:\\Users\\ASUS\\Documents\\GitHub\\Anti-Mager_Project\\cultour_project\\vendor\\laravel\\framework\\src\\Illuminate\\Pipeline\\Pipeline.php(171): Illuminate\\Foundation\\Http\\Middleware\\VerifyCsrfToken->handle(Object(Illuminate\\Http\\Request), Object(Closure))
#13 C:\\Users\\ASUS\\Documents\\GitHub\\Anti-Mager_Project\\cultour_project\\vendor\\laravel\\framework\\src\\Illuminate\\View\\Middleware\\ShareErrorsFromSession.php(49): Illuminate\\Pipeline\\Pipeline->Illuminate\\Pipeline\\{closure}(Object(Illuminate\\Http\\Request))
#14 C:\\Users\\ASUS\\Documents\\GitHub\\Anti-Mager_Project\\cultour_project\\vendor\\laravel\\framework\\src\\Illuminate\\Pipeline\\Pipeline.php(171): Illuminate\\View\\Middleware\\ShareErrorsFromSession->handle(Object(Illuminate\\Http\\Request), Object(Closure))
#15 C:\\Users\\ASUS\\Documents\\GitHub\\Anti-Mager_Project\\cultour_project\\vendor\\laravel\\framework\\src\\Illuminate\\Session\\Middleware\\StartSession.php(56): Illuminate\\Pipeline\\Pipeline->Illuminate\\Pipeline\\{closure}(Object(Illuminate\\Http\\Request))
#16 C:\\Users\\ASUS\\Documents\\GitHub\\Anti-Mager_Project\\cultour_project\\vendor\\laravel\\framework\\src\\Illuminate\\Pipeline\\Pipeline.php(171): Illuminate\\Session\\Middleware\\StartSession->handle(Object(Illuminate\\Http\\Request), Object(Closure))
#17 C:\\Users\\ASUS\\Documents\\GitHub\\Anti-Mager_Project\\cultour_project\\vendor\\laravel\\framework\\src\\Illuminate\\Cookie\\Middleware\\AddQueuedCookiesToResponse.php(37): Illuminate\\Pipeline\\Pipeline->Illuminate\\Pipeline\\{closure}(Object(Illuminate\\Http\\Request))
#18 C:\\Users\\ASUS\\Documents\\GitHub\\Anti-Mager_Project\\cultour_project\\vendor\\laravel\\framework\\src\\Illuminate\\Pipeline\\Pipeline.php(171): Illuminate\\Cookie\\Middleware\\AddQueuedCookiesToResponse->handle(Object(Illuminate\\Http\\Request), Object(Closure))
#19 C:\\Users\\ASUS\\Documents\\GitHub\\Anti-Mager_Project\\cultour_project\\vendor\\laravel\\framework\\src\\Illuminate\\Cookie\\Middleware\\EncryptCookies.php(66): Illuminate\\Pipeline\\Pipeline->Illuminate\\Pipeline\\{closure}(Object(Illuminate\\Http\\Request))
#20 C:\\Users\\ASUS\\Documents\\GitHub\\Anti-Mager_Project\\cultour_project\\vendor\\laravel\\framework\\src\\Illuminate\\Pipeline\\Pipeline.php(171): Illuminate\\Cookie\\Middleware\\EncryptCookies->handle(Object(Illuminate\\Http\\Request), Object(Closure))
#21 C:\\Users\\ASUS\\Documents\\GitHub\\Anti-Mager_Project\\cultour_project\\vendor\\laravel\\framework\\src\\Illuminate\\Pipeline\\Pipeline.php(105): Illuminate\\Pipeline\\Pipeline->Illuminate\\Pipeline\\{closure}(Object(Illuminate\\Http\\Request))
#22 C:\\Users\\ASUS\\Documents\\GitHub\\Anti-Mager_Project\\cultour_project\\vendor\\laravel\\framework\\src\\Illuminate\\Routing\\Router.php(683): Illuminate\\Pipeline\\Pipeline->then(Object(Closure))
#23 C:\\Users\\ASUS\\Documents\\GitHub\\Anti-Mager_Project\\cultour_project\\vendor\\laravel\\framework\\src\\Illuminate\\Routing\\Router.php(658): Illuminate\\Routing\\Router->runRouteWithinStack(Object(Illuminate\\Routing\\Route), Object(Illuminate\\Http\\Request))
#24 C:\\Users\\ASUS\\Documents\\GitHub\\Anti-Mager_Project\\cultour_project\\vendor\\laravel\\framework\\src\\Illuminate\\Routing\\Router.php(624): Illuminate\\Routing\\Router->runRoute(Object(Illuminate\\Http\\Request), Object(Illuminate\\Routing\\Route))
#25 C:\\Users\\ASUS\\Documents\\GitHub\\Anti-Mager_Project\\cultour_project\\vendor\\laravel\\framework\\src\\Illuminate\\Routing\\Router.php(613): Illuminate\\Routing\\Router->dispatchToRoute(Object(Illuminate\\Http\\Request))
#26 C:\\Users\\ASUS\\Documents\\GitHub\\Anti-Mager_Project\\cultour_project\\vendor\\laravel\\framework\\src\\Illuminate\\Foundation\\Http\\Kernel.php(170): Illuminate\\Routing\\Router->dispatch(Object(Illuminate\\Http\\Request))
#27 C:\\Users\\ASUS\\Documents\\GitHub\\Anti-Mager_Project\\cultour_project\\vendor\\laravel\\framework\\src\\Illuminate\\Pipeline\\Pipeline.php(130): Illuminate\\Foundation\\Http\\Kernel->Illuminate\\Foundation\\Http\\{closure}(Object(Illuminate\\Http\\Request))
#28 C:\\Users\\ASUS\\Documents\\GitHub\\Anti-Mager_Project\\cultour_project\\vendor\\laravel\\framework\\src\\Illuminate\\Foundation\\Http\\Middleware\\TransformsRequest.php(21): Illuminate\\Pipeline\\Pipeline->Illuminate\\Pipeline\\{closure}(Object(Illuminate\\Http\\Request))
#29 C:\\Users\\ASUS\\Documents\\GitHub\\Anti-Mager_Project\\cultour_project\\vendor\\laravel\\framework\\src\\Illuminate\\Pipeline\\Pipeline.php(171): Illuminate\\Foundation\\Http\\Middleware\\TransformsRequest->handle(Object(Illuminate\\Http\\Request), Object(Closure))
#30 C:\\Users\\ASUS\\Documents\\GitHub\\Anti-Mager_Project\\cultour_project\\vendor\\laravel\\framework\\src\\Illuminate\\Foundation\\Http\\Middleware\\TransformsRequest.php(21): Illuminate\\Pipeline\\Pipeline->Illuminate\\Pipeline\\{closure}(Object(Illuminate\\Http\\Request))
#31 C:\\Users\\ASUS\\Documents\\GitHub\\Anti-Mager_Project\\cultour_project\\vendor\\laravel\\framework\\src\\Illuminate\\Pipeline\\Pipeline.php(171): Illuminate\\Foundation\\Http\\Middleware\\TransformsRequest->handle(Object(Illuminate\\Http\\Request), Object(Closure))
#32 C:\\Users\\ASUS\\Documents\\GitHub\\Anti-Mager_Project\\cultour_project\\vendor\\laravel\\framework\\src\\Illuminate\\Foundation\\Http\\Middleware\\ValidatePostSize.php(27): Illuminate\\Pipeline\\Pipeline->Illuminate\\Pipeline\\{closure}(Object(Illuminate\\Http\\Request))
#33 C:\\Users\\ASUS\\Documents\\GitHub\\Anti-Mager_Project\\cultour_project\\vendor\\laravel\\framework\\src\\Illuminate\\Pipeline\\Pipeline.php(171): Illuminate\\Foundation\\Http\\Middleware\\ValidatePostSize->handle(Object(Illuminate\\Http\\Request), Object(Closure))
#34 C:\\Users\\ASUS\\Documents\\GitHub\\Anti-Mager_Project\\cultour_project\\vendor\\laravel\\framework\\src\\Illuminate\\Foundation\\Http\\Middleware\\CheckForMaintenanceMode.php(63): Illuminate\\Pipeline\\Pipeline->Illuminate\\Pipeline\\{closure}(Object(Illuminate\\Http\\Request))
#35 C:\\Users\\ASUS\\Documents\\GitHub\\Anti-Mager_Project\\cultour_project\\vendor\\laravel\\framework\\src\\Illuminate\\Pipeline\\Pipeline.php(171): Illuminate\\Foundation\\Http\\Middleware\\CheckForMaintenanceMode->handle(Object(Illuminate\\Http\\Request), Object(Closure))
#36 C:\\Users\\ASUS\\Documents\\GitHub\\Anti-Mager_Project\\cultour_project\\vendor\\fideloper\\proxy\\src\\TrustProxies.php(57): Illuminate\\Pipeline\\Pipeline->Illuminate\\Pipeline\\{closure}(Object(Illuminate\\Http\\Request))
#37 C:\\Users\\ASUS\\Documents\\GitHub\\Anti-Mager_Project\\cultour_project\\vendor\\laravel\\framework\\src\\Illuminate\\Pipeline\\Pipeline.php(171): Fideloper\\Proxy\\TrustProxies->handle(Object(Illuminate\\Http\\Request), Object(Closure))
#38 C:\\Users\\ASUS\\Documents\\GitHub\\Anti-Mager_Project\\cultour_project\\vendor\\laravel\\framework\\src\\Illuminate\\Pipeline\\Pipeline.php(105): Illuminate\\Pipeline\\Pipeline->Illuminate\\Pipeline\\{closure}(Object(Illuminate\\Http\\Request))
#39 C:\\Users\\ASUS\\Documents\\GitHub\\Anti-Mager_Project\\cultour_project\\vendor\\laravel\\framework\\src\\Illuminate\\Foundation\\Http\\Kernel.php(145): Illuminate\\Pipeline\\Pipeline->then(Object(Closure))
#40 C:\\Users\\ASUS\\Documents\\GitHub\\Anti-Mager_Project\\cultour_project\\vendor\\laravel\\framework\\src\\Illuminate\\Foundation\\Http\\Kernel.php(110): Illuminate\\Foundation\\Http\\Kernel->sendRequestThroughRouter(Object(Illuminate\\Http\\Request))
#41 C:\\Users\\ASUS\\Documents\\GitHub\\Anti-Mager_Project\\cultour_project\\public\\index.php(55): Illuminate\\Foundation\\Http\\Kernel->handle(Object(Illuminate\\Http\\Request))
#42 C:\\Users\\ASUS\\Documents\\GitHub\\Anti-Mager_Project\\cultour_project\\server.php(21): require_once('C:\\\\Users\\\\ASUS\\\\D...')
#43 {main}
"} 
[2020-06-28 05:27:28] local.ERROR: You requested 3 items, but there are only 2 items available. {"exception":"[object] (InvalidArgumentException(code: 0): You requested 3 items, but there are only 2 items available. at C:\\Users\\ASUS\\Documents\\GitHub\\Anti-Mager_Project\\cultour_project\\vendor\\laravel\\framework\\src\\Illuminate\\Support\\Arr.php:508)
[stacktrace]
#0 C:\\Users\\ASUS\\Documents\\GitHub\\Anti-Mager_Project\\cultour_project\\vendor\\laravel\\framework\\src\\Illuminate\\Support\\Collection.php(878): Illuminate\\Support\\Arr::random(Array, 3)
#1 C:\\Users\\ASUS\\Documents\\GitHub\\Anti-Mager_Project\\cultour_project\\app\\Http\\Controllers\\PageController.php(22): Illuminate\\Support\\Collection->random(3)
#2 [internal function]: App\\Http\\Controllers\\PageController->showBeranda()
#3 C:\\Users\\ASUS\\Documents\\GitHub\\Anti-Mager_Project\\cultour_project\\vendor\\laravel\\framework\\src\\Illuminate\\Routing\\Controller.php(54): call_user_func_array(Array, Array)
#4 C:\\Users\\ASUS\\Documents\\GitHub\\Anti-Mager_Project\\cultour_project\\vendor\\laravel\\framework\\src\\Illuminate\\Routing\\ControllerDispatcher.php(45): Illuminate\\Routing\\Controller->callAction('showBeranda', Array)
#5 C:\\Users\\ASUS\\Documents\\GitHub\\Anti-Mager_Project\\cultour_project\\vendor\\laravel\\framework\\src\\Illuminate\\Routing\\Route.php(219): Illuminate\\Routing\\ControllerDispatcher->dispatch(Object(Illuminate\\Routing\\Route), Object(App\\Http\\Controllers\\PageController), 'showBeranda')
#6 C:\\Users\\ASUS\\Documents\\GitHub\\Anti-Mager_Project\\cultour_project\\vendor\\laravel\\framework\\src\\Illuminate\\Routing\\Route.php(176): Illuminate\\Routing\\Route->runController()
#7 C:\\Users\\ASUS\\Documents\\GitHub\\Anti-Mager_Project\\cultour_project\\vendor\\laravel\\framework\\src\\Illuminate\\Routing\\Router.php(681): Illuminate\\Routing\\Route->run()
#8 C:\\Users\\ASUS\\Documents\\GitHub\\Anti-Mager_Project\\cultour_project\\vendor\\laravel\\framework\\src\\Illuminate\\Pipeline\\Pipeline.php(130): Illuminate\\Routing\\Router->Illuminate\\Routing\\{closure}(Object(Illuminate\\Http\\Request))
#9 C:\\Users\\ASUS\\Documents\\GitHub\\Anti-Mager_Project\\cultour_project\\vendor\\laravel\\framework\\src\\Illuminate\\Routing\\Middleware\\SubstituteBindings.php(41): Illuminate\\Pipeline\\Pipeline->Illuminate\\Pipeline\\{closure}(Object(Illuminate\\Http\\Request))
#10 C:\\Users\\ASUS\\Documents\\GitHub\\Anti-Mager_Project\\cultour_project\\vendor\\laravel\\framework\\src\\Illuminate\\Pipeline\\Pipeline.php(171): Illuminate\\Routing\\Middleware\\SubstituteBindings->handle(Object(Illuminate\\Http\\Request), Object(Closure))
#11 C:\\Users\\ASUS\\Documents\\GitHub\\Anti-Mager_Project\\cultour_project\\vendor\\laravel\\framework\\src\\Illuminate\\Foundation\\Http\\Middleware\\VerifyCsrfToken.php(76): Illuminate\\Pipeline\\Pipeline->Illuminate\\Pipeline\\{closure}(Object(Illuminate\\Http\\Request))
#12 C:\\Users\\ASUS\\Documents\\GitHub\\Anti-Mager_Project\\cultour_project\\vendor\\laravel\\framework\\src\\Illuminate\\Pipeline\\Pipeline.php(171): Illuminate\\Foundation\\Http\\Middleware\\VerifyCsrfToken->handle(Object(Illuminate\\Http\\Request), Object(Closure))
#13 C:\\Users\\ASUS\\Documents\\GitHub\\Anti-Mager_Project\\cultour_project\\vendor\\laravel\\framework\\src\\Illuminate\\View\\Middleware\\ShareErrorsFromSession.php(49): Illuminate\\Pipeline\\Pipeline->Illuminate\\Pipeline\\{closure}(Object(Illuminate\\Http\\Request))
#14 C:\\Users\\ASUS\\Documents\\GitHub\\Anti-Mager_Project\\cultour_project\\vendor\\laravel\\framework\\src\\Illuminate\\Pipeline\\Pipeline.php(171): Illuminate\\View\\Middleware\\ShareErrorsFromSession->handle(Object(Illuminate\\Http\\Request), Object(Closure))
#15 C:\\Users\\ASUS\\Documents\\GitHub\\Anti-Mager_Project\\cultour_project\\vendor\\laravel\\framework\\src\\Illuminate\\Session\\Middleware\\StartSession.php(56): Illuminate\\Pipeline\\Pipeline->Illuminate\\Pipeline\\{closure}(Object(Illuminate\\Http\\Request))
#16 C:\\Users\\ASUS\\Documents\\GitHub\\Anti-Mager_Project\\cultour_project\\vendor\\laravel\\framework\\src\\Illuminate\\Pipeline\\Pipeline.php(171): Illuminate\\Session\\Middleware\\StartSession->handle(Object(Illuminate\\Http\\Request), Object(Closure))
#17 C:\\Users\\ASUS\\Documents\\GitHub\\Anti-Mager_Project\\cultour_project\\vendor\\laravel\\framework\\src\\Illuminate\\Cookie\\Middleware\\AddQueuedCookiesToResponse.php(37): Illuminate\\Pipeline\\Pipeline->Illuminate\\Pipeline\\{closure}(Object(Illuminate\\Http\\Request))
#18 C:\\Users\\ASUS\\Documents\\GitHub\\Anti-Mager_Project\\cultour_project\\vendor\\laravel\\framework\\src\\Illuminate\\Pipeline\\Pipeline.php(171): Illuminate\\Cookie\\Middleware\\AddQueuedCookiesToResponse->handle(Object(Illuminate\\Http\\Request), Object(Closure))
#19 C:\\Users\\ASUS\\Documents\\GitHub\\Anti-Mager_Project\\cultour_project\\vendor\\laravel\\framework\\src\\Illuminate\\Cookie\\Middleware\\EncryptCookies.php(66): Illuminate\\Pipeline\\Pipeline->Illuminate\\Pipeline\\{closure}(Object(Illuminate\\Http\\Request))
#20 C:\\Users\\ASUS\\Documents\\GitHub\\Anti-Mager_Project\\cultour_project\\vendor\\laravel\\framework\\src\\Illuminate\\Pipeline\\Pipeline.php(171): Illuminate\\Cookie\\Middleware\\EncryptCookies->handle(Object(Illuminate\\Http\\Request), Object(Closure))
#21 C:\\Users\\ASUS\\Documents\\GitHub\\Anti-Mager_Project\\cultour_project\\vendor\\laravel\\framework\\src\\Illuminate\\Pipeline\\Pipeline.php(105): Illuminate\\Pipeline\\Pipeline->Illuminate\\Pipeline\\{closure}(Object(Illuminate\\Http\\Request))
#22 C:\\Users\\ASUS\\Documents\\GitHub\\Anti-Mager_Project\\cultour_project\\vendor\\laravel\\framework\\src\\Illuminate\\Routing\\Router.php(683): Illuminate\\Pipeline\\Pipeline->then(Object(Closure))
#23 C:\\Users\\ASUS\\Documents\\GitHub\\Anti-Mager_Project\\cultour_project\\vendor\\laravel\\framework\\src\\Illuminate\\Routing\\Router.php(658): Illuminate\\Routing\\Router->runRouteWithinStack(Object(Illuminate\\Routing\\Route), Object(Illuminate\\Http\\Request))
#24 C:\\Users\\ASUS\\Documents\\GitHub\\Anti-Mager_Project\\cultour_project\\vendor\\laravel\\framework\\src\\Illuminate\\Routing\\Router.php(624): Illuminate\\Routing\\Router->runRoute(Object(Illuminate\\Http\\Request), Object(Illuminate\\Routing\\Route))
#25 C:\\Users\\ASUS\\Documents\\GitHub\\Anti-Mager_Project\\cultour_project\\vendor\\laravel\\framework\\src\\Illuminate\\Routing\\Router.php(613): Illuminate\\Routing\\Router->dispatchToRoute(Object(Illuminate\\Http\\Request))
#26 C:\\Users\\ASUS\\Documents\\GitHub\\Anti-Mager_Project\\cultour_project\\vendor\\laravel\\framework\\src\\Illuminate\\Foundation\\Http\\Kernel.php(170): Illuminate\\Routing\\Router->dispatch(Object(Illuminate\\Http\\Request))
#27 C:\\Users\\ASUS\\Documents\\GitHub\\Anti-Mager_Project\\cultour_project\\vendor\\laravel\\framework\\src\\Illuminate\\Pipeline\\Pipeline.php(130): Illuminate\\Foundation\\Http\\Kernel->Illuminate\\Foundation\\Http\\{closure}(Object(Illuminate\\Http\\Request))
#28 C:\\Users\\ASUS\\Documents\\GitHub\\Anti-Mager_Project\\cultour_project\\vendor\\laravel\\framework\\src\\Illuminate\\Foundation\\Http\\Middleware\\TransformsRequest.php(21): Illuminate\\Pipeline\\Pipeline->Illuminate\\Pipeline\\{closure}(Object(Illuminate\\Http\\Request))
#29 C:\\Users\\ASUS\\Documents\\GitHub\\Anti-Mager_Project\\cultour_project\\vendor\\laravel\\framework\\src\\Illuminate\\Pipeline\\Pipeline.php(171): Illuminate\\Foundation\\Http\\Middleware\\TransformsRequest->handle(Object(Illuminate\\Http\\Request), Object(Closure))
#30 C:\\Users\\ASUS\\Documents\\GitHub\\Anti-Mager_Project\\cultour_project\\vendor\\laravel\\framework\\src\\Illuminate\\Foundation\\Http\\Middleware\\TransformsRequest.php(21): Illuminate\\Pipeline\\Pipeline->Illuminate\\Pipeline\\{closure}(Object(Illuminate\\Http\\Request))
#31 C:\\Users\\ASUS\\Documents\\GitHub\\Anti-Mager_Project\\cultour_project\\vendor\\laravel\\framework\\src\\Illuminate\\Pipeline\\Pipeline.php(171): Illuminate\\Foundation\\Http\\Middleware\\TransformsRequest->handle(Object(Illuminate\\Http\\Request), Object(Closure))
#32 C:\\Users\\ASUS\\Documents\\GitHub\\Anti-Mager_Project\\cultour_project\\vendor\\laravel\\framework\\src\\Illuminate\\Foundation\\Http\\Middleware\\ValidatePostSize.php(27): Illuminate\\Pipeline\\Pipeline->Illuminate\\Pipeline\\{closure}(Object(Illuminate\\Http\\Request))
#33 C:\\Users\\ASUS\\Documents\\GitHub\\Anti-Mager_Project\\cultour_project\\vendor\\laravel\\framework\\src\\Illuminate\\Pipeline\\Pipeline.php(171): Illuminate\\Foundation\\Http\\Middleware\\ValidatePostSize->handle(Object(Illuminate\\Http\\Request), Object(Closure))
#34 C:\\Users\\ASUS\\Documents\\GitHub\\Anti-Mager_Project\\cultour_project\\vendor\\laravel\\framework\\src\\Illuminate\\Foundation\\Http\\Middleware\\CheckForMaintenanceMode.php(63): Illuminate\\Pipeline\\Pipeline->Illuminate\\Pipeline\\{closure}(Object(Illuminate\\Http\\Request))
#35 C:\\Users\\ASUS\\Documents\\GitHub\\Anti-Mager_Project\\cultour_project\\vendor\\laravel\\framework\\src\\Illuminate\\Pipeline\\Pipeline.php(171): Illuminate\\Foundation\\Http\\Middleware\\CheckForMaintenanceMode->handle(Object(Illuminate\\Http\\Request), Object(Closure))
#36 C:\\Users\\ASUS\\Documents\\GitHub\\Anti-Mager_Project\\cultour_project\\vendor\\fideloper\\proxy\\src\\TrustProxies.php(57): Illuminate\\Pipeline\\Pipeline->Illuminate\\Pipeline\\{closure}(Object(Illuminate\\Http\\Request))
#37 C:\\Users\\ASUS\\Documents\\GitHub\\Anti-Mager_Project\\cultour_project\\vendor\\laravel\\framework\\src\\Illuminate\\Pipeline\\Pipeline.php(171): Fideloper\\Proxy\\TrustProxies->handle(Object(Illuminate\\Http\\Request), Object(Closure))
#38 C:\\Users\\ASUS\\Documents\\GitHub\\Anti-Mager_Project\\cultour_project\\vendor\\laravel\\framework\\src\\Illuminate\\Pipeline\\Pipeline.php(105): Illuminate\\Pipeline\\Pipeline->Illuminate\\Pipeline\\{closure}(Object(Illuminate\\Http\\Request))
#39 C:\\Users\\ASUS\\Documents\\GitHub\\Anti-Mager_Project\\cultour_project\\vendor\\laravel\\framework\\src\\Illuminate\\Foundation\\Http\\Kernel.php(145): Illuminate\\Pipeline\\Pipeline->then(Object(Closure))
#40 C:\\Users\\ASUS\\Documents\\GitHub\\Anti-Mager_Project\\cultour_project\\vendor\\laravel\\framework\\src\\Illuminate\\Foundation\\Http\\Kernel.php(110): Illuminate\\Foundation\\Http\\Kernel->sendRequestThroughRouter(Object(Illuminate\\Http\\Request))
#41 C:\\Users\\ASUS\\Documents\\GitHub\\Anti-Mager_Project\\cultour_project\\public\\index.php(55): Illuminate\\Foundation\\Http\\Kernel->handle(Object(Illuminate\\Http\\Request))
#42 C:\\Users\\ASUS\\Documents\\GitHub\\Anti-Mager_Project\\cultour_project\\server.php(21): require_once('C:\\\\Users\\\\ASUS\\\\D...')
#43 {main}
"} 
[2020-06-28 05:28:18] local.ERROR: You requested 3 items, but there are only 2 items available. {"exception":"[object] (InvalidArgumentException(code: 0): You requested 3 items, but there are only 2 items available. at C:\\Users\\ASUS\\Documents\\GitHub\\Anti-Mager_Project\\cultour_project\\vendor\\laravel\\framework\\src\\Illuminate\\Support\\Arr.php:508)
[stacktrace]
#0 C:\\Users\\ASUS\\Documents\\GitHub\\Anti-Mager_Project\\cultour_project\\vendor\\laravel\\framework\\src\\Illuminate\\Support\\Collection.php(878): Illuminate\\Support\\Arr::random(Array, 3)
#1 C:\\Users\\ASUS\\Documents\\GitHub\\Anti-Mager_Project\\cultour_project\\app\\Http\\Controllers\\PageController.php(22): Illuminate\\Support\\Collection->random(3)
#2 [internal function]: App\\Http\\Controllers\\PageController->showBeranda()
#3 C:\\Users\\ASUS\\Documents\\GitHub\\Anti-Mager_Project\\cultour_project\\vendor\\laravel\\framework\\src\\Illuminate\\Routing\\Controller.php(54): call_user_func_array(Array, Array)
#4 C:\\Users\\ASUS\\Documents\\GitHub\\Anti-Mager_Project\\cultour_project\\vendor\\laravel\\framework\\src\\Illuminate\\Routing\\ControllerDispatcher.php(45): Illuminate\\Routing\\Controller->callAction('showBeranda', Array)
#5 C:\\Users\\ASUS\\Documents\\GitHub\\Anti-Mager_Project\\cultour_project\\vendor\\laravel\\framework\\src\\Illuminate\\Routing\\Route.php(219): Illuminate\\Routing\\ControllerDispatcher->dispatch(Object(Illuminate\\Routing\\Route), Object(App\\Http\\Controllers\\PageController), 'showBeranda')
#6 C:\\Users\\ASUS\\Documents\\GitHub\\Anti-Mager_Project\\cultour_project\\vendor\\laravel\\framework\\src\\Illuminate\\Routing\\Route.php(176): Illuminate\\Routing\\Route->runController()
#7 C:\\Users\\ASUS\\Documents\\GitHub\\Anti-Mager_Project\\cultour_project\\vendor\\laravel\\framework\\src\\Illuminate\\Routing\\Router.php(681): Illuminate\\Routing\\Route->run()
#8 C:\\Users\\ASUS\\Documents\\GitHub\\Anti-Mager_Project\\cultour_project\\vendor\\laravel\\framework\\src\\Illuminate\\Pipeline\\Pipeline.php(130): Illuminate\\Routing\\Router->Illuminate\\Routing\\{closure}(Object(Illuminate\\Http\\Request))
#9 C:\\Users\\ASUS\\Documents\\GitHub\\Anti-Mager_Project\\cultour_project\\vendor\\laravel\\framework\\src\\Illuminate\\Routing\\Middleware\\SubstituteBindings.php(41): Illuminate\\Pipeline\\Pipeline->Illuminate\\Pipeline\\{closure}(Object(Illuminate\\Http\\Request))
#10 C:\\Users\\ASUS\\Documents\\GitHub\\Anti-Mager_Project\\cultour_project\\vendor\\laravel\\framework\\src\\Illuminate\\Pipeline\\Pipeline.php(171): Illuminate\\Routing\\Middleware\\SubstituteBindings->handle(Object(Illuminate\\Http\\Request), Object(Closure))
#11 C:\\Users\\ASUS\\Documents\\GitHub\\Anti-Mager_Project\\cultour_project\\vendor\\laravel\\framework\\src\\Illuminate\\Foundation\\Http\\Middleware\\VerifyCsrfToken.php(76): Illuminate\\Pipeline\\Pipeline->Illuminate\\Pipeline\\{closure}(Object(Illuminate\\Http\\Request))
#12 C:\\Users\\ASUS\\Documents\\GitHub\\Anti-Mager_Project\\cultour_project\\vendor\\laravel\\framework\\src\\Illuminate\\Pipeline\\Pipeline.php(171): Illuminate\\Foundation\\Http\\Middleware\\VerifyCsrfToken->handle(Object(Illuminate\\Http\\Request), Object(Closure))
#13 C:\\Users\\ASUS\\Documents\\GitHub\\Anti-Mager_Project\\cultour_project\\vendor\\laravel\\framework\\src\\Illuminate\\View\\Middleware\\ShareErrorsFromSession.php(49): Illuminate\\Pipeline\\Pipeline->Illuminate\\Pipeline\\{closure}(Object(Illuminate\\Http\\Request))
#14 C:\\Users\\ASUS\\Documents\\GitHub\\Anti-Mager_Project\\cultour_project\\vendor\\laravel\\framework\\src\\Illuminate\\Pipeline\\Pipeline.php(171): Illuminate\\View\\Middleware\\ShareErrorsFromSession->handle(Object(Illuminate\\Http\\Request), Object(Closure))
#15 C:\\Users\\ASUS\\Documents\\GitHub\\Anti-Mager_Project\\cultour_project\\vendor\\laravel\\framework\\src\\Illuminate\\Session\\Middleware\\StartSession.php(56): Illuminate\\Pipeline\\Pipeline->Illuminate\\Pipeline\\{closure}(Object(Illuminate\\Http\\Request))
#16 C:\\Users\\ASUS\\Documents\\GitHub\\Anti-Mager_Project\\cultour_project\\vendor\\laravel\\framework\\src\\Illuminate\\Pipeline\\Pipeline.php(171): Illuminate\\Session\\Middleware\\StartSession->handle(Object(Illuminate\\Http\\Request), Object(Closure))
#17 C:\\Users\\ASUS\\Documents\\GitHub\\Anti-Mager_Project\\cultour_project\\vendor\\laravel\\framework\\src\\Illuminate\\Cookie\\Middleware\\AddQueuedCookiesToResponse.php(37): Illuminate\\Pipeline\\Pipeline->Illuminate\\Pipeline\\{closure}(Object(Illuminate\\Http\\Request))
#18 C:\\Users\\ASUS\\Documents\\GitHub\\Anti-Mager_Project\\cultour_project\\vendor\\laravel\\framework\\src\\Illuminate\\Pipeline\\Pipeline.php(171): Illuminate\\Cookie\\Middleware\\AddQueuedCookiesToResponse->handle(Object(Illuminate\\Http\\Request), Object(Closure))
#19 C:\\Users\\ASUS\\Documents\\GitHub\\Anti-Mager_Project\\cultour_project\\vendor\\laravel\\framework\\src\\Illuminate\\Cookie\\Middleware\\EncryptCookies.php(66): Illuminate\\Pipeline\\Pipeline->Illuminate\\Pipeline\\{closure}(Object(Illuminate\\Http\\Request))
#20 C:\\Users\\ASUS\\Documents\\GitHub\\Anti-Mager_Project\\cultour_project\\vendor\\laravel\\framework\\src\\Illuminate\\Pipeline\\Pipeline.php(171): Illuminate\\Cookie\\Middleware\\EncryptCookies->handle(Object(Illuminate\\Http\\Request), Object(Closure))
#21 C:\\Users\\ASUS\\Documents\\GitHub\\Anti-Mager_Project\\cultour_project\\vendor\\laravel\\framework\\src\\Illuminate\\Pipeline\\Pipeline.php(105): Illuminate\\Pipeline\\Pipeline->Illuminate\\Pipeline\\{closure}(Object(Illuminate\\Http\\Request))
#22 C:\\Users\\ASUS\\Documents\\GitHub\\Anti-Mager_Project\\cultour_project\\vendor\\laravel\\framework\\src\\Illuminate\\Routing\\Router.php(683): Illuminate\\Pipeline\\Pipeline->then(Object(Closure))
#23 C:\\Users\\ASUS\\Documents\\GitHub\\Anti-Mager_Project\\cultour_project\\vendor\\laravel\\framework\\src\\Illuminate\\Routing\\Router.php(658): Illuminate\\Routing\\Router->runRouteWithinStack(Object(Illuminate\\Routing\\Route), Object(Illuminate\\Http\\Request))
#24 C:\\Users\\ASUS\\Documents\\GitHub\\Anti-Mager_Project\\cultour_project\\vendor\\laravel\\framework\\src\\Illuminate\\Routing\\Router.php(624): Illuminate\\Routing\\Router->runRoute(Object(Illuminate\\Http\\Request), Object(Illuminate\\Routing\\Route))
#25 C:\\Users\\ASUS\\Documents\\GitHub\\Anti-Mager_Project\\cultour_project\\vendor\\laravel\\framework\\src\\Illuminate\\Routing\\Router.php(613): Illuminate\\Routing\\Router->dispatchToRoute(Object(Illuminate\\Http\\Request))
#26 C:\\Users\\ASUS\\Documents\\GitHub\\Anti-Mager_Project\\cultour_project\\vendor\\laravel\\framework\\src\\Illuminate\\Foundation\\Http\\Kernel.php(170): Illuminate\\Routing\\Router->dispatch(Object(Illuminate\\Http\\Request))
#27 C:\\Users\\ASUS\\Documents\\GitHub\\Anti-Mager_Project\\cultour_project\\vendor\\laravel\\framework\\src\\Illuminate\\Pipeline\\Pipeline.php(130): Illuminate\\Foundation\\Http\\Kernel->Illuminate\\Foundation\\Http\\{closure}(Object(Illuminate\\Http\\Request))
#28 C:\\Users\\ASUS\\Documents\\GitHub\\Anti-Mager_Project\\cultour_project\\vendor\\laravel\\framework\\src\\Illuminate\\Foundation\\Http\\Middleware\\TransformsRequest.php(21): Illuminate\\Pipeline\\Pipeline->Illuminate\\Pipeline\\{closure}(Object(Illuminate\\Http\\Request))
#29 C:\\Users\\ASUS\\Documents\\GitHub\\Anti-Mager_Project\\cultour_project\\vendor\\laravel\\framework\\src\\Illuminate\\Pipeline\\Pipeline.php(171): Illuminate\\Foundation\\Http\\Middleware\\TransformsRequest->handle(Object(Illuminate\\Http\\Request), Object(Closure))
#30 C:\\Users\\ASUS\\Documents\\GitHub\\Anti-Mager_Project\\cultour_project\\vendor\\laravel\\framework\\src\\Illuminate\\Foundation\\Http\\Middleware\\TransformsRequest.php(21): Illuminate\\Pipeline\\Pipeline->Illuminate\\Pipeline\\{closure}(Object(Illuminate\\Http\\Request))
#31 C:\\Users\\ASUS\\Documents\\GitHub\\Anti-Mager_Project\\cultour_project\\vendor\\laravel\\framework\\src\\Illuminate\\Pipeline\\Pipeline.php(171): Illuminate\\Foundation\\Http\\Middleware\\TransformsRequest->handle(Object(Illuminate\\Http\\Request), Object(Closure))
#32 C:\\Users\\ASUS\\Documents\\GitHub\\Anti-Mager_Project\\cultour_project\\vendor\\laravel\\framework\\src\\Illuminate\\Foundation\\Http\\Middleware\\ValidatePostSize.php(27): Illuminate\\Pipeline\\Pipeline->Illuminate\\Pipeline\\{closure}(Object(Illuminate\\Http\\Request))
#33 C:\\Users\\ASUS\\Documents\\GitHub\\Anti-Mager_Project\\cultour_project\\vendor\\laravel\\framework\\src\\Illuminate\\Pipeline\\Pipeline.php(171): Illuminate\\Foundation\\Http\\Middleware\\ValidatePostSize->handle(Object(Illuminate\\Http\\Request), Object(Closure))
#34 C:\\Users\\ASUS\\Documents\\GitHub\\Anti-Mager_Project\\cultour_project\\vendor\\laravel\\framework\\src\\Illuminate\\Foundation\\Http\\Middleware\\CheckForMaintenanceMode.php(63): Illuminate\\Pipeline\\Pipeline->Illuminate\\Pipeline\\{closure}(Object(Illuminate\\Http\\Request))
#35 C:\\Users\\ASUS\\Documents\\GitHub\\Anti-Mager_Project\\cultour_project\\vendor\\laravel\\framework\\src\\Illuminate\\Pipeline\\Pipeline.php(171): Illuminate\\Foundation\\Http\\Middleware\\CheckForMaintenanceMode->handle(Object(Illuminate\\Http\\Request), Object(Closure))
#36 C:\\Users\\ASUS\\Documents\\GitHub\\Anti-Mager_Project\\cultour_project\\vendor\\fideloper\\proxy\\src\\TrustProxies.php(57): Illuminate\\Pipeline\\Pipeline->Illuminate\\Pipeline\\{closure}(Object(Illuminate\\Http\\Request))
#37 C:\\Users\\ASUS\\Documents\\GitHub\\Anti-Mager_Project\\cultour_project\\vendor\\laravel\\framework\\src\\Illuminate\\Pipeline\\Pipeline.php(171): Fideloper\\Proxy\\TrustProxies->handle(Object(Illuminate\\Http\\Request), Object(Closure))
#38 C:\\Users\\ASUS\\Documents\\GitHub\\Anti-Mager_Project\\cultour_project\\vendor\\laravel\\framework\\src\\Illuminate\\Pipeline\\Pipeline.php(105): Illuminate\\Pipeline\\Pipeline->Illuminate\\Pipeline\\{closure}(Object(Illuminate\\Http\\Request))
#39 C:\\Users\\ASUS\\Documents\\GitHub\\Anti-Mager_Project\\cultour_project\\vendor\\laravel\\framework\\src\\Illuminate\\Foundation\\Http\\Kernel.php(145): Illuminate\\Pipeline\\Pipeline->then(Object(Closure))
#40 C:\\Users\\ASUS\\Documents\\GitHub\\Anti-Mager_Project\\cultour_project\\vendor\\laravel\\framework\\src\\Illuminate\\Foundation\\Http\\Kernel.php(110): Illuminate\\Foundation\\Http\\Kernel->sendRequestThroughRouter(Object(Illuminate\\Http\\Request))
#41 C:\\Users\\ASUS\\Documents\\GitHub\\Anti-Mager_Project\\cultour_project\\public\\index.php(55): Illuminate\\Foundation\\Http\\Kernel->handle(Object(Illuminate\\Http\\Request))
#42 C:\\Users\\ASUS\\Documents\\GitHub\\Anti-Mager_Project\\cultour_project\\server.php(21): require_once('C:\\\\Users\\\\ASUS\\\\D...')
#43 {main}
"} 
[2020-06-28 05:31:37] local.ERROR: You requested 3 items, but there are only 2 items available. {"exception":"[object] (InvalidArgumentException(code: 0): You requested 3 items, but there are only 2 items available. at C:\\Users\\ASUS\\Documents\\GitHub\\Anti-Mager_Project\\cultour_project\\vendor\\laravel\\framework\\src\\Illuminate\\Support\\Arr.php:508)
[stacktrace]
#0 C:\\Users\\ASUS\\Documents\\GitHub\\Anti-Mager_Project\\cultour_project\\vendor\\laravel\\framework\\src\\Illuminate\\Support\\Collection.php(878): Illuminate\\Support\\Arr::random(Array, 3)
#1 C:\\Users\\ASUS\\Documents\\GitHub\\Anti-Mager_Project\\cultour_project\\app\\Http\\Controllers\\PageController.php(22): Illuminate\\Support\\Collection->random(3)
#2 [internal function]: App\\Http\\Controllers\\PageController->showBeranda()
#3 C:\\Users\\ASUS\\Documents\\GitHub\\Anti-Mager_Project\\cultour_project\\vendor\\laravel\\framework\\src\\Illuminate\\Routing\\Controller.php(54): call_user_func_array(Array, Array)
#4 C:\\Users\\ASUS\\Documents\\GitHub\\Anti-Mager_Project\\cultour_project\\vendor\\laravel\\framework\\src\\Illuminate\\Routing\\ControllerDispatcher.php(45): Illuminate\\Routing\\Controller->callAction('showBeranda', Array)
#5 C:\\Users\\ASUS\\Documents\\GitHub\\Anti-Mager_Project\\cultour_project\\vendor\\laravel\\framework\\src\\Illuminate\\Routing\\Route.php(219): Illuminate\\Routing\\ControllerDispatcher->dispatch(Object(Illuminate\\Routing\\Route), Object(App\\Http\\Controllers\\PageController), 'showBeranda')
#6 C:\\Users\\ASUS\\Documents\\GitHub\\Anti-Mager_Project\\cultour_project\\vendor\\laravel\\framework\\src\\Illuminate\\Routing\\Route.php(176): Illuminate\\Routing\\Route->runController()
#7 C:\\Users\\ASUS\\Documents\\GitHub\\Anti-Mager_Project\\cultour_project\\vendor\\laravel\\framework\\src\\Illuminate\\Routing\\Router.php(681): Illuminate\\Routing\\Route->run()
#8 C:\\Users\\ASUS\\Documents\\GitHub\\Anti-Mager_Project\\cultour_project\\vendor\\laravel\\framework\\src\\Illuminate\\Pipeline\\Pipeline.php(130): Illuminate\\Routing\\Router->Illuminate\\Routing\\{closure}(Object(Illuminate\\Http\\Request))
#9 C:\\Users\\ASUS\\Documents\\GitHub\\Anti-Mager_Project\\cultour_project\\vendor\\laravel\\framework\\src\\Illuminate\\Routing\\Middleware\\SubstituteBindings.php(41): Illuminate\\Pipeline\\Pipeline->Illuminate\\Pipeline\\{closure}(Object(Illuminate\\Http\\Request))
#10 C:\\Users\\ASUS\\Documents\\GitHub\\Anti-Mager_Project\\cultour_project\\vendor\\laravel\\framework\\src\\Illuminate\\Pipeline\\Pipeline.php(171): Illuminate\\Routing\\Middleware\\SubstituteBindings->handle(Object(Illuminate\\Http\\Request), Object(Closure))
#11 C:\\Users\\ASUS\\Documents\\GitHub\\Anti-Mager_Project\\cultour_project\\vendor\\laravel\\framework\\src\\Illuminate\\Foundation\\Http\\Middleware\\VerifyCsrfToken.php(76): Illuminate\\Pipeline\\Pipeline->Illuminate\\Pipeline\\{closure}(Object(Illuminate\\Http\\Request))
#12 C:\\Users\\ASUS\\Documents\\GitHub\\Anti-Mager_Project\\cultour_project\\vendor\\laravel\\framework\\src\\Illuminate\\Pipeline\\Pipeline.php(171): Illuminate\\Foundation\\Http\\Middleware\\VerifyCsrfToken->handle(Object(Illuminate\\Http\\Request), Object(Closure))
#13 C:\\Users\\ASUS\\Documents\\GitHub\\Anti-Mager_Project\\cultour_project\\vendor\\laravel\\framework\\src\\Illuminate\\View\\Middleware\\ShareErrorsFromSession.php(49): Illuminate\\Pipeline\\Pipeline->Illuminate\\Pipeline\\{closure}(Object(Illuminate\\Http\\Request))
#14 C:\\Users\\ASUS\\Documents\\GitHub\\Anti-Mager_Project\\cultour_project\\vendor\\laravel\\framework\\src\\Illuminate\\Pipeline\\Pipeline.php(171): Illuminate\\View\\Middleware\\ShareErrorsFromSession->handle(Object(Illuminate\\Http\\Request), Object(Closure))
#15 C:\\Users\\ASUS\\Documents\\GitHub\\Anti-Mager_Project\\cultour_project\\vendor\\laravel\\framework\\src\\Illuminate\\Session\\Middleware\\StartSession.php(56): Illuminate\\Pipeline\\Pipeline->Illuminate\\Pipeline\\{closure}(Object(Illuminate\\Http\\Request))
#16 C:\\Users\\ASUS\\Documents\\GitHub\\Anti-Mager_Project\\cultour_project\\vendor\\laravel\\framework\\src\\Illuminate\\Pipeline\\Pipeline.php(171): Illuminate\\Session\\Middleware\\StartSession->handle(Object(Illuminate\\Http\\Request), Object(Closure))
#17 C:\\Users\\ASUS\\Documents\\GitHub\\Anti-Mager_Project\\cultour_project\\vendor\\laravel\\framework\\src\\Illuminate\\Cookie\\Middleware\\AddQueuedCookiesToResponse.php(37): Illuminate\\Pipeline\\Pipeline->Illuminate\\Pipeline\\{closure}(Object(Illuminate\\Http\\Request))
#18 C:\\Users\\ASUS\\Documents\\GitHub\\Anti-Mager_Project\\cultour_project\\vendor\\laravel\\framework\\src\\Illuminate\\Pipeline\\Pipeline.php(171): Illuminate\\Cookie\\Middleware\\AddQueuedCookiesToResponse->handle(Object(Illuminate\\Http\\Request), Object(Closure))
#19 C:\\Users\\ASUS\\Documents\\GitHub\\Anti-Mager_Project\\cultour_project\\vendor\\laravel\\framework\\src\\Illuminate\\Cookie\\Middleware\\EncryptCookies.php(66): Illuminate\\Pipeline\\Pipeline->Illuminate\\Pipeline\\{closure}(Object(Illuminate\\Http\\Request))
#20 C:\\Users\\ASUS\\Documents\\GitHub\\Anti-Mager_Project\\cultour_project\\vendor\\laravel\\framework\\src\\Illuminate\\Pipeline\\Pipeline.php(171): Illuminate\\Cookie\\Middleware\\EncryptCookies->handle(Object(Illuminate\\Http\\Request), Object(Closure))
#21 C:\\Users\\ASUS\\Documents\\GitHub\\Anti-Mager_Project\\cultour_project\\vendor\\laravel\\framework\\src\\Illuminate\\Pipeline\\Pipeline.php(105): Illuminate\\Pipeline\\Pipeline->Illuminate\\Pipeline\\{closure}(Object(Illuminate\\Http\\Request))
#22 C:\\Users\\ASUS\\Documents\\GitHub\\Anti-Mager_Project\\cultour_project\\vendor\\laravel\\framework\\src\\Illuminate\\Routing\\Router.php(683): Illuminate\\Pipeline\\Pipeline->then(Object(Closure))
#23 C:\\Users\\ASUS\\Documents\\GitHub\\Anti-Mager_Project\\cultour_project\\vendor\\laravel\\framework\\src\\Illuminate\\Routing\\Router.php(658): Illuminate\\Routing\\Router->runRouteWithinStack(Object(Illuminate\\Routing\\Route), Object(Illuminate\\Http\\Request))
#24 C:\\Users\\ASUS\\Documents\\GitHub\\Anti-Mager_Project\\cultour_project\\vendor\\laravel\\framework\\src\\Illuminate\\Routing\\Router.php(624): Illuminate\\Routing\\Router->runRoute(Object(Illuminate\\Http\\Request), Object(Illuminate\\Routing\\Route))
#25 C:\\Users\\ASUS\\Documents\\GitHub\\Anti-Mager_Project\\cultour_project\\vendor\\laravel\\framework\\src\\Illuminate\\Routing\\Router.php(613): Illuminate\\Routing\\Router->dispatchToRoute(Object(Illuminate\\Http\\Request))
#26 C:\\Users\\ASUS\\Documents\\GitHub\\Anti-Mager_Project\\cultour_project\\vendor\\laravel\\framework\\src\\Illuminate\\Foundation\\Http\\Kernel.php(170): Illuminate\\Routing\\Router->dispatch(Object(Illuminate\\Http\\Request))
#27 C:\\Users\\ASUS\\Documents\\GitHub\\Anti-Mager_Project\\cultour_project\\vendor\\laravel\\framework\\src\\Illuminate\\Pipeline\\Pipeline.php(130): Illuminate\\Foundation\\Http\\Kernel->Illuminate\\Foundation\\Http\\{closure}(Object(Illuminate\\Http\\Request))
#28 C:\\Users\\ASUS\\Documents\\GitHub\\Anti-Mager_Project\\cultour_project\\vendor\\laravel\\framework\\src\\Illuminate\\Foundation\\Http\\Middleware\\TransformsRequest.php(21): Illuminate\\Pipeline\\Pipeline->Illuminate\\Pipeline\\{closure}(Object(Illuminate\\Http\\Request))
#29 C:\\Users\\ASUS\\Documents\\GitHub\\Anti-Mager_Project\\cultour_project\\vendor\\laravel\\framework\\src\\Illuminate\\Pipeline\\Pipeline.php(171): Illuminate\\Foundation\\Http\\Middleware\\TransformsRequest->handle(Object(Illuminate\\Http\\Request), Object(Closure))
#30 C:\\Users\\ASUS\\Documents\\GitHub\\Anti-Mager_Project\\cultour_project\\vendor\\laravel\\framework\\src\\Illuminate\\Foundation\\Http\\Middleware\\TransformsRequest.php(21): Illuminate\\Pipeline\\Pipeline->Illuminate\\Pipeline\\{closure}(Object(Illuminate\\Http\\Request))
#31 C:\\Users\\ASUS\\Documents\\GitHub\\Anti-Mager_Project\\cultour_project\\vendor\\laravel\\framework\\src\\Illuminate\\Pipeline\\Pipeline.php(171): Illuminate\\Foundation\\Http\\Middleware\\TransformsRequest->handle(Object(Illuminate\\Http\\Request), Object(Closure))
#32 C:\\Users\\ASUS\\Documents\\GitHub\\Anti-Mager_Project\\cultour_project\\vendor\\laravel\\framework\\src\\Illuminate\\Foundation\\Http\\Middleware\\ValidatePostSize.php(27): Illuminate\\Pipeline\\Pipeline->Illuminate\\Pipeline\\{closure}(Object(Illuminate\\Http\\Request))
#33 C:\\Users\\ASUS\\Documents\\GitHub\\Anti-Mager_Project\\cultour_project\\vendor\\laravel\\framework\\src\\Illuminate\\Pipeline\\Pipeline.php(171): Illuminate\\Foundation\\Http\\Middleware\\ValidatePostSize->handle(Object(Illuminate\\Http\\Request), Object(Closure))
#34 C:\\Users\\ASUS\\Documents\\GitHub\\Anti-Mager_Project\\cultour_project\\vendor\\laravel\\framework\\src\\Illuminate\\Foundation\\Http\\Middleware\\CheckForMaintenanceMode.php(63): Illuminate\\Pipeline\\Pipeline->Illuminate\\Pipeline\\{closure}(Object(Illuminate\\Http\\Request))
#35 C:\\Users\\ASUS\\Documents\\GitHub\\Anti-Mager_Project\\cultour_project\\vendor\\laravel\\framework\\src\\Illuminate\\Pipeline\\Pipeline.php(171): Illuminate\\Foundation\\Http\\Middleware\\CheckForMaintenanceMode->handle(Object(Illuminate\\Http\\Request), Object(Closure))
#36 C:\\Users\\ASUS\\Documents\\GitHub\\Anti-Mager_Project\\cultour_project\\vendor\\fideloper\\proxy\\src\\TrustProxies.php(57): Illuminate\\Pipeline\\Pipeline->Illuminate\\Pipeline\\{closure}(Object(Illuminate\\Http\\Request))
#37 C:\\Users\\ASUS\\Documents\\GitHub\\Anti-Mager_Project\\cultour_project\\vendor\\laravel\\framework\\src\\Illuminate\\Pipeline\\Pipeline.php(171): Fideloper\\Proxy\\TrustProxies->handle(Object(Illuminate\\Http\\Request), Object(Closure))
#38 C:\\Users\\ASUS\\Documents\\GitHub\\Anti-Mager_Project\\cultour_project\\vendor\\laravel\\framework\\src\\Illuminate\\Pipeline\\Pipeline.php(105): Illuminate\\Pipeline\\Pipeline->Illuminate\\Pipeline\\{closure}(Object(Illuminate\\Http\\Request))
#39 C:\\Users\\ASUS\\Documents\\GitHub\\Anti-Mager_Project\\cultour_project\\vendor\\laravel\\framework\\src\\Illuminate\\Foundation\\Http\\Kernel.php(145): Illuminate\\Pipeline\\Pipeline->then(Object(Closure))
#40 C:\\Users\\ASUS\\Documents\\GitHub\\Anti-Mager_Project\\cultour_project\\vendor\\laravel\\framework\\src\\Illuminate\\Foundation\\Http\\Kernel.php(110): Illuminate\\Foundation\\Http\\Kernel->sendRequestThroughRouter(Object(Illuminate\\Http\\Request))
#41 C:\\Users\\ASUS\\Documents\\GitHub\\Anti-Mager_Project\\cultour_project\\public\\index.php(55): Illuminate\\Foundation\\Http\\Kernel->handle(Object(Illuminate\\Http\\Request))
#42 C:\\Users\\ASUS\\Documents\\GitHub\\Anti-Mager_Project\\cultour_project\\server.php(21): require_once('C:\\\\Users\\\\ASUS\\\\D...')
#43 {main}
"} 
